Rebuild target 'Target 1'
assembling STARTUP.A51...
compiling adc.c...
compiling delay.c...
compiling eeprom.c...
compiling gpio.c...
compiling modbus.c...
compiling ntc.c...
compiling pwm.c...
compiling timer.c...
compiling uart.c...
compiling screen.c...
compiling key.c...
compiling sync.c...
compiling main.c...
linking...
*** WARNING L16: UNCALLED SEGMENT, IGNORED FOR OVERLAY PROCESS
    SEGMENT: ?PR?_UART1SENDSTR?UART

Program Size: data=17.0 xdata=332 code=5308
creating hex file from ".\Output\HGB06_QM_test01_20241126"...
".\Output\HGB06_QM_test01_20241126" - 0 Error(s), 1 Warning(s).
Build Time Elapsed:  00:00:01
