C51 COMPILER V9.60.7.0   GPIO                                                              11/19/2024 16:38:29 PAGE 1   


C51 COMPILER V9.60.7.0, COMPILATION OF MODULE GPIO
OBJECT MODULE PLACED IN .\Output\gpio.obj
COMPILER INVOKED BY: D:\APP\Keil_v5\C51\BIN\C51.EXE Src\gpio.c LARGE OPTIMIZE(8,SPEED) BROWSE INCDIR(.\Inc;D:\APP\Keil_v
                    -5\C51\INC) DEBUG OBJECTEXTEND PRINT(.\Listings\gpio.lst) OBJECT(.\Output\gpio.obj)

line level    source

   1          #include "STC15W4Kxx.h"
   2          #include "gpio.h"
   3          
   4          void GPIOInit()
   5          {
   6   1          P1M0 = 0X00;    P1M1 = 0X00;       //P1.0 P1.1 P1.4为高阻输入
   7   1          P2M0 = 0x09;    P2M1 = 0x00;       //P2.0 2.3为推挽      
   8   1          P3M0 = 0X00;    P3M1 = 0X00;       
   9   1          P5M0 = 0X10;    P5M1 = 0X00;       //P5.4为推挽
  10   1          
  11   1      }
  12            


MODULE INFORMATION:   STATIC OVERLAYABLE
   CODE SIZE        =     20    ----
   CONSTANT SIZE    =   ----    ----
   XDATA SIZE       =   ----    ----
   PDATA SIZE       =   ----    ----
   DATA SIZE        =   ----    ----
   IDATA SIZE       =   ----    ----
   BIT SIZE         =   ----    ----
END OF MODULE INFORMATION.


C51 COMPILATION COMPLETE.  0 WARNING(S),  0 ERROR(S)
