C51 COMPILER V9.60.7.0   TIMER                                                             11/19/2024 16:38:29 PAGE 1   


C51 COMPILER V9.60.7.0, COMPILATION OF MODULE TIMER
OBJECT MODULE PLACED IN .\Output\timer.obj
COMPILER INVOKED BY: D:\APP\Keil_v5\C51\BIN\C51.EXE Src\timer.c LARGE OPTIMIZE(8,SPEED) BROWSE INCDIR(.\Inc;D:\APP\Keil_
                    -v5\C51\INC) DEBUG OBJECTEXTEND PRINT(.\Listings\timer.lst) OBJECT(.\Output\timer.obj)

line level    source

   1          #include "STC15W4Kxx.h"
   2          #include "timer.h"
   3          #include "stdint.h"
   4          
   5          bit fan_dis_bit = 0;
   6          void Tim0Init()  //11.0592Mhz  1ms
   7          {
   8   1          AUXR |= 0X80;   //修改计数速率，定时器时钟设置为12T模式
   9   1              
  10   1              TMOD &= 0XF0;   //清空TIM0需要配置的低四位（低四位是TIM0,高四位是TIM1）
  11   1      
  12   1              TH0 = 0XCD;   // TH0 高四位  TL0 低四位
  13   1              TL0 = 0XD4;   //通过计算得出的值，计算公式在下面
  14   1              
  15   1              TF0 = 0;  //清除TC0N-TF0  中断溢出标志，溢出后自动置1，CPU响应中断后置硬件清0
  16   1              TR0 = 1;  //TCON-TR0  TIM0开始计数启动
  17   1      
  18   1              ET0 = 1;   //打开IE-ET0，TIM0中断
  19   1      }
  20          
  21          
  22          void Tim1Init()  //11.0592Mhz  10ms  16位手动装载
  23          {   
  24   1              AUXR &= 0xBF;                   //定时器时钟12T模式
  25   1              TMOD &= 0x0F;                   //设置定时器模式
  26   1              //TMOD |= 0x10;                 //设置定时器模式   手动/自动开关
  27   1          
  28   1          TL1 = 0x00;                         //设置定时初始值
  29   1              TH1 = 0xDC;                             //设置定时初始值
  30   1              TF1 = 0;                                //清除TF1标志
  31   1              TR1 = 1;                                //定时器1开始计时
  32   1      
  33   1          ET1 = 1; //打开IE-ET1，TIM1中断
  34   1      }
  35          
  36          void Tim3Init(void)             //10毫秒@11.0592MHz
  37          {
  38   1              T4T3M &= 0xFD;                  //定时器时钟12T模式
  39   1              T3L = 0x00;                             //设置定时初始值
  40   1              T3H = 0xDC;                             //设置定时初始值
  41   1              T4T3M |= 0x08;                  //定时器3开始计时
  42   1          
  43   1          IE2 |= 0x20; //打开IE2-ET2，TIM3中断
  44   1      }
  45          void Tim0Isr(void) interrupt 1 
  46          {
  47   1      
  48   1      }
  49          
  50          void Tim1Isr(void) interrupt 3 
  51          {
  52   1          static uint8_t i = 0;
  53   1          i++;
  54   1          if(i>15)
C51 COMPILER V9.60.7.0   TIMER                                                             11/19/2024 16:38:29 PAGE 2   

  55   1          {
  56   2              fan_dis_bit = ~fan_dis_bit;
  57   2              i = 0;
  58   2          }
  59   1      }
  60          void Tim3Isr(void) interrupt 19 
  61          {
  62   1      
  63   1      }


MODULE INFORMATION:   STATIC OVERLAYABLE
   CODE SIZE        =     89    ----
   CONSTANT SIZE    =   ----    ----
   XDATA SIZE       =      1    ----
   PDATA SIZE       =   ----    ----
   DATA SIZE        =   ----    ----
   IDATA SIZE       =   ----    ----
   BIT SIZE         =      1    ----
END OF MODULE INFORMATION.


C51 COMPILATION COMPLETE.  0 WARNING(S),  0 ERROR(S)
